\BOOKMARK [1][-]{section.1}{Introducci\363n}{}% 1
\BOOKMARK [1][-]{section.2}{Conocimientos previos}{}% 2
\BOOKMARK [2][-]{subsection.2.1}{Redes neuronales}{section.2}% 3
\BOOKMARK [3][-]{subsubsection.2.1.1}{Una neurona}{subsection.2.1}% 4
\BOOKMARK [3][-]{subsubsection.2.1.2}{Organizaci\363n por capas}{subsection.2.1}% 5
\BOOKMARK [3][-]{subsubsection.2.1.3}{Entrenar la red: Backpropagation}{subsection.2.1}% 6
\BOOKMARK [2][-]{subsection.2.2}{Redes convolucionales}{section.2}% 7
\BOOKMARK [2][-]{subsection.2.3}{Transfer Learning}{section.2}% 8
\BOOKMARK [1][-]{section.3}{Trabajo Relacionado}{}% 9
\BOOKMARK [2][-]{subsection.3.1}{Full-Network embedding}{section.3}% 10
\BOOKMARK [2][-]{subsection.3.2}{Wordnet}{section.3}% 11
\BOOKMARK [2][-]{subsection.3.3}{Imagenet}{section.3}% 12
\BOOKMARK [1][-]{section.4}{Enfoque}{}% 13
\BOOKMARK [2][-]{subsection.4.1}{Objetivos}{section.4}% 14
\BOOKMARK [2][-]{subsection.4.2}{Estad\355sticas}{section.4}% 15
\BOOKMARK [3][-]{subsubsection.4.2.1}{Synsets}{subsection.4.2}% 16
\BOOKMARK [3][-]{subsubsection.4.2.2}{Visi\363n de conjunto del Embedding e Hip\363tesis iniciales}{subsection.4.2}% 17
\BOOKMARK [1][-]{section.5}{An\341lisis}{}% 18
\BOOKMARK [2][-]{subsection.5.1}{De Wordnet al Full Network Embedding}{section.5}% 19
\BOOKMARK [3][-]{subsubsection.5.1.1}{Distribuci\363n por tipo de capa}{subsection.5.1}% 20
\BOOKMARK [3][-]{subsubsection.5.1.2}{Comportamiento respecto a la profundidad}{subsection.5.1}% 21
\BOOKMARK [3][-]{subsubsection.5.1.3}{Comportamiento de los synsets}{subsection.5.1}% 22
\BOOKMARK [2][-]{subsection.5.2}{Del full network embedding a wordnet}{section.5}% 23
\BOOKMARK [1][-]{section.6}{Conclusiones}{}% 24
\BOOKMARK [1][-]{figure.caption.54}{Referencias}{}% 25
